<?xml version="1.0" encoding="UTF-8"?>
<testng-results skipped="0" failed="1" ignored="0" total="4" passed="3">
  <reporter-output>
  </reporter-output>
  <suite name="SmokeSuite" duration-ms="132966" started-at="2017-06-21T11:52:49Z" finished-at="2017-06-21T11:55:02Z">
    <groups>
    </groups>
    <test name="SmokeTest" duration-ms="132966" started-at="2017-06-21T11:52:49Z" finished-at="2017-06-21T11:55:02Z">
      <class name="smokeTests.SmokeTest">
        <test-method status="PASS" signature="beforeClass(java.lang.String)[pri:0, instance:smokeTests.SmokeTest@291b4bf5]" name="beforeClass" is-config="true" duration-ms="40914" started-at="2017-06-21T12:52:49Z" finished-at="2017-06-21T12:53:30Z">
          <params>
            <param index="0">
              <value>
                <![CDATA[chrome]]>
              </value>
            </param>
          </params>
          <reporter-output>
          </reporter-output>
        </test-method> <!-- beforeClass -->
        <test-method status="PASS" signature="loginAsContactCentreUserTest()[pri:0, instance:smokeTests.SmokeTest@291b4bf5]" name="loginAsContactCentreUserTest" duration-ms="12079" started-at="2017-06-21T12:53:31Z" finished-at="2017-06-21T12:53:43Z">
          <reporter-output>
          </reporter-output>
        </test-method> <!-- loginAsContactCentreUserTest -->
        <test-method status="PASS" signature="afterClass()[pri:0, instance:smokeTests.SmokeTest@291b4bf5]" name="afterClass" is-config="true" duration-ms="1" started-at="2017-06-21T12:53:43Z" finished-at="2017-06-21T12:53:43Z">
          <reporter-output>
          </reporter-output>
        </test-method> <!-- afterClass -->
        <test-method status="PASS" signature="navigateToLogOnReportPageTest()[pri:0, instance:smokeTests.SmokeTest@291b4bf5]" name="navigateToLogOnReportPageTest" duration-ms="2426" started-at="2017-06-21T12:53:43Z" depends-on-methods="smokeTests.SmokeTest.loginAsContactCentreUserTest" finished-at="2017-06-21T12:53:45Z">
          <reporter-output>
          </reporter-output>
        </test-method> <!-- navigateToLogOnReportPageTest -->
        <test-method status="PASS" signature="afterClass()[pri:0, instance:smokeTests.SmokeTest@291b4bf5]" name="afterClass" is-config="true" duration-ms="0" started-at="2017-06-21T12:53:45Z" finished-at="2017-06-21T12:53:45Z">
          <reporter-output>
          </reporter-output>
        </test-method> <!-- afterClass -->
        <test-method status="PASS" signature="fillLogANewReportPageTest()[pri:0, instance:smokeTests.SmokeTest@291b4bf5]" name="fillLogANewReportPageTest" duration-ms="13800" started-at="2017-06-21T12:53:45Z" depends-on-methods="smokeTests.SmokeTest.navigateToLogOnReportPageTest" finished-at="2017-06-21T12:53:59Z">
          <reporter-output>
          </reporter-output>
        </test-method> <!-- fillLogANewReportPageTest -->
        <test-method status="PASS" signature="afterClass()[pri:0, instance:smokeTests.SmokeTest@291b4bf5]" name="afterClass" is-config="true" duration-ms="1" started-at="2017-06-21T12:53:59Z" finished-at="2017-06-21T12:53:59Z">
          <reporter-output>
          </reporter-output>
        </test-method> <!-- afterClass -->
        <test-method status="FAIL" signature="fillAdverseEventPage()[pri:0, instance:smokeTests.SmokeTest@291b4bf5]" name="fillAdverseEventPage" duration-ms="62763" started-at="2017-06-21T12:53:59Z" depends-on-methods="smokeTests.SmokeTest.fillLogANewReportPageTest" finished-at="2017-06-21T12:55:02Z">
          <exception class="org.openqa.selenium.NoSuchElementException">
            <message>
              <![CDATA[no such element: Unable to locate element: {"method":"css selector","selector":".ui-autocomplete.ui-menu.ui-widget.ui-widget-content.ui-corner-all li:nth-child(1)"}
  (Session info: chrome=58.0.3029.110)
  (Driver info: chromedriver=2.29.461591 (62ebf098771772160f391d75e589dc567915b233),platform=Windows NT 6.2.9200 x86_64) (WARNING: The server did not provide any stacktrace information)
Command duration or timeout: 10.06 seconds
For documentation on this error, please visit: http://seleniumhq.org/exceptions/no_such_element.html
Build info: version: '3.4.0', revision: 'unknown', time: 'unknown'
System info: host: 'JOE', ip: '169.254.113.2', os.name: 'Windows 8', os.arch: 'amd64', os.version: '6.2', java.version: '1.8.0_25'
Driver info: org.openqa.selenium.chrome.ChromeDriver
Capabilities [{applicationCacheEnabled=false, rotatable=false, mobileEmulationEnabled=false, networkConnectionEnabled=false, chrome={chromedriverVersion=2.29.461591 (62ebf098771772160f391d75e589dc567915b233), userDataDir=C:\Users\Joe\AppData\Local\Temp\scoped_dir13272_14026}, takesHeapSnapshot=true, pageLoadStrategy=normal, databaseEnabled=false, handlesAlerts=true, hasTouchScreen=false, version=58.0.3029.110, platform=WIN8, browserConnectionEnabled=false, nativeEvents=true, acceptSslCerts=true, locationContextEnabled=true, webStorageEnabled=true, browserName=chrome, takesScreenshot=true, javascriptEnabled=true, cssSelectorsEnabled=true, unexpectedAlertBehaviour=}]
Session ID: 1e27656cb3a86f36dfd27c52ea718336
*** Element info: {Using=css selector, value=.ui-autocomplete.ui-menu.ui-widget.ui-widget-content.ui-corner-all li:nth-child(1)}]]>
            </message>
            <full-stacktrace>
              <![CDATA[org.openqa.selenium.NoSuchElementException: no such element: Unable to locate element: {"method":"css selector","selector":".ui-autocomplete.ui-menu.ui-widget.ui-widget-content.ui-corner-all li:nth-child(1)"}
  (Session info: chrome=58.0.3029.110)
  (Driver info: chromedriver=2.29.461591 (62ebf098771772160f391d75e589dc567915b233),platform=Windows NT 6.2.9200 x86_64) (WARNING: The server did not provide any stacktrace information)
Command duration or timeout: 10.06 seconds
For documentation on this error, please visit: http://seleniumhq.org/exceptions/no_such_element.html
Build info: version: '3.4.0', revision: 'unknown', time: 'unknown'
System info: host: 'JOE', ip: '169.254.113.2', os.name: 'Windows 8', os.arch: 'amd64', os.version: '6.2', java.version: '1.8.0_25'
Driver info: org.openqa.selenium.chrome.ChromeDriver
Capabilities [{applicationCacheEnabled=false, rotatable=false, mobileEmulationEnabled=false, networkConnectionEnabled=false, chrome={chromedriverVersion=2.29.461591 (62ebf098771772160f391d75e589dc567915b233), userDataDir=C:\Users\Joe\AppData\Local\Temp\scoped_dir13272_14026}, takesHeapSnapshot=true, pageLoadStrategy=normal, databaseEnabled=false, handlesAlerts=true, hasTouchScreen=false, version=58.0.3029.110, platform=WIN8, browserConnectionEnabled=false, nativeEvents=true, acceptSslCerts=true, locationContextEnabled=true, webStorageEnabled=true, browserName=chrome, takesScreenshot=true, javascriptEnabled=true, cssSelectorsEnabled=true, unexpectedAlertBehaviour=}]
Session ID: 1e27656cb3a86f36dfd27c52ea718336
*** Element info: {Using=css selector, value=.ui-autocomplete.ui-menu.ui-widget.ui-widget-content.ui-corner-all li:nth-child(1)}
	at sun.reflect.NativeConstructorAccessorImpl.newInstance0(Native Method)
	at sun.reflect.NativeConstructorAccessorImpl.newInstance(Unknown Source)
	at sun.reflect.DelegatingConstructorAccessorImpl.newInstance(Unknown Source)
	at java.lang.reflect.Constructor.newInstance(Unknown Source)
	at org.openqa.selenium.remote.ErrorHandler.createThrowable(ErrorHandler.java:215)
	at org.openqa.selenium.remote.ErrorHandler.throwIfResponseFailed(ErrorHandler.java:167)
	at org.openqa.selenium.remote.RemoteWebDriver.execute(RemoteWebDriver.java:671)
	at org.openqa.selenium.remote.RemoteWebDriver.findElement(RemoteWebDriver.java:410)
	at org.openqa.selenium.remote.RemoteWebDriver.findElementByCssSelector(RemoteWebDriver.java:501)
	at org.openqa.selenium.By$ByCssSelector.findElement(By.java:430)
	at org.openqa.selenium.remote.RemoteWebDriver.findElement(RemoteWebDriver.java:402)
	at pages.AdverseEventPage.enterDiagnosisAdverseEvent1(AdverseEventPage.java:120)
	at smokeTests.SmokeTest.fillAdverseEventPage(SmokeTest.java:132)
	at sun.reflect.NativeMethodAccessorImpl.invoke0(Native Method)
	at sun.reflect.NativeMethodAccessorImpl.invoke(Unknown Source)
	at sun.reflect.DelegatingMethodAccessorImpl.invoke(Unknown Source)
	at java.lang.reflect.Method.invoke(Unknown Source)
	at org.testng.internal.MethodInvocationHelper.invokeMethod(MethodInvocationHelper.java:108)
	at org.testng.internal.Invoker.invokeMethod(Invoker.java:661)
	at org.testng.internal.Invoker.invokeTestMethod(Invoker.java:869)
	at org.testng.internal.Invoker.invokeTestMethods(Invoker.java:1193)
	at org.testng.internal.TestMethodWorker.invokeTestMethods(TestMethodWorker.java:126)
	at org.testng.internal.TestMethodWorker.run(TestMethodWorker.java:109)
	at org.testng.TestRunner.privateRun(TestRunner.java:744)
	at org.testng.TestRunner.run(TestRunner.java:602)
	at org.testng.SuiteRunner.runTest(SuiteRunner.java:380)
	at org.testng.SuiteRunner.runSequentially(SuiteRunner.java:375)
	at org.testng.SuiteRunner.privateRun(SuiteRunner.java:340)
	at org.testng.SuiteRunner.run(SuiteRunner.java:289)
	at org.testng.SuiteRunnerWorker.runSuite(SuiteRunnerWorker.java:52)
	at org.testng.SuiteRunnerWorker.run(SuiteRunnerWorker.java:86)
	at org.testng.TestNG.runSuitesSequentially(TestNG.java:1301)
	at org.testng.TestNG.runSuitesLocally(TestNG.java:1226)
	at org.testng.TestNG.runSuites(TestNG.java:1144)
	at org.testng.TestNG.run(TestNG.java:1115)
	at org.testng.remote.AbstractRemoteTestNG.run(AbstractRemoteTestNG.java:132)
	at org.testng.remote.RemoteTestNG.initAndRun(RemoteTestNG.java:230)
	at org.testng.remote.RemoteTestNG.main(RemoteTestNG.java:76)
]]>
            </full-stacktrace>
          </exception> <!-- org.openqa.selenium.NoSuchElementException -->
          <reporter-output>
          </reporter-output>
        </test-method> <!-- fillAdverseEventPage -->
        <test-method status="PASS" signature="afterClass()[pri:0, instance:smokeTests.SmokeTest@291b4bf5]" name="afterClass" is-config="true" duration-ms="1" started-at="2017-06-21T12:55:02Z" finished-at="2017-06-21T12:55:02Z">
          <reporter-output>
          </reporter-output>
        </test-method> <!-- afterClass -->
      </class> <!-- smokeTests.SmokeTest -->
    </test> <!-- SmokeTest -->
  </suite> <!-- SmokeSuite -->
</testng-results>
